Namespace(color_only=False, dataset_name='LIVE_HFR', feature_file='features/LIVE_HFR_ST_QUV_NODOG_272_GL_Haar_feats.mat', log_file='logs/LIVE_HFR_regression_bc_two.log', log_short=True, max_thread_count=4, model_name='ST_QUV_NODOG_272_GL_Haar', mos_file='features/LIVE_HFR_metadata.csv', num_cont=16, num_dists=30, num_iterations=100, out_file='result/LIVE_HFR_ST_QUV_NODOG_272_GL_Haar_SVR_corr_bc_two.mat', use_parallel=True)
1 th repeated holdout test
748-dim features, using SVR2 th repeated holdout test

748-dim features, using SVR3 th repeated holdout test
4 th repeated holdout test

748-dim features, using SVR
748-dim features, using SVR
5 th repeated holdout test
748-dim features, using SVR
6 th repeated holdout test
748-dim features, using SVR
7 th repeated holdout test
748-dim features, using SVR
8 th repeated holdout test
748-dim features, using SVR
9 th repeated holdout test
748-dim features, using SVR
10 th repeated holdout test
748-dim features, using SVR
11 th repeated holdout test
748-dim features, using SVR
12 th repeated holdout test
748-dim features, using SVR
13 th repeated holdout test
748-dim features, using SVR
14 th repeated holdout test
748-dim features, using SVR
15 th repeated holdout test
748-dim features, using SVR
16 th repeated holdout test
748-dim features, using SVR
17 th repeated holdout test
748-dim features, using SVR
18 th repeated holdout test
748-dim features, using SVR
19 th repeated holdout test
748-dim features, using SVR
20 th repeated holdout test
748-dim features, using SVR
21 th repeated holdout test
748-dim features, using SVR
22 th repeated holdout test
748-dim features, using SVR
23 th repeated holdout test
748-dim features, using SVR
24 th repeated holdout test
748-dim features, using SVR
25 th repeated holdout test
748-dim features, using SVR
26 th repeated holdout test
748-dim features, using SVR
27 th repeated holdout test
748-dim features, using SVR
28 th repeated holdout test
748-dim features, using SVR
29 th repeated holdout test
748-dim features, using SVR
30 th repeated holdout test
748-dim features, using SVR
31 th repeated holdout test
748-dim features, using SVR
32 th repeated holdout test
748-dim features, using SVR
33 th repeated holdout test
748-dim features, using SVR
34 th repeated holdout test
748-dim features, using SVR
35 th repeated holdout test
748-dim features, using SVR
36 th repeated holdout test
748-dim features, using SVR
37 th repeated holdout test
748-dim features, using SVR
38 th repeated holdout test
748-dim features, using SVR
39 th repeated holdout test
748-dim features, using SVR
40 th repeated holdout test
748-dim features, using SVR
41 th repeated holdout test
748-dim features, using SVR
42 th repeated holdout test
748-dim features, using SVR
43 th repeated holdout test
748-dim features, using SVR
44 th repeated holdout test
748-dim features, using SVR
45 th repeated holdout test
748-dim features, using SVR
46 th repeated holdout test
748-dim features, using SVR
47 th repeated holdout test
748-dim features, using SVR
48 th repeated holdout test
748-dim features, using SVR
49 th repeated holdout test
748-dim features, using SVR
50 th repeated holdout test
748-dim features, using SVR
51 th repeated holdout test
748-dim features, using SVR
52 th repeated holdout test
748-dim features, using SVR
53 th repeated holdout test
748-dim features, using SVR
54 th repeated holdout test
748-dim features, using SVR
55 th repeated holdout test
748-dim features, using SVR
56 th repeated holdout test
748-dim features, using SVR
57 th repeated holdout test
748-dim features, using SVR
58 th repeated holdout test
748-dim features, using SVR
59 th repeated holdout test
748-dim features, using SVR
60 th repeated holdout test
748-dim features, using SVR
61 th repeated holdout test
748-dim features, using SVR
62 th repeated holdout test
748-dim features, using SVR
63 th repeated holdout test
748-dim features, using SVR
64 th repeated holdout test
748-dim features, using SVR
65 th repeated holdout test
748-dim features, using SVR
66 th repeated holdout test
748-dim features, using SVR
67 th repeated holdout test
748-dim features, using SVR
68 th repeated holdout test
748-dim features, using SVR
69 th repeated holdout test
748-dim features, using SVR
70 th repeated holdout test
748-dim features, using SVR
71 th repeated holdout test
748-dim features, using SVR
72 th repeated holdout test
748-dim features, using SVR
73 th repeated holdout test
748-dim features, using SVR
74 th repeated holdout test
748-dim features, using SVR
75 th repeated holdout test
748-dim features, using SVR
76 th repeated holdout test
748-dim features, using SVR
77 th repeated holdout test
748-dim features, using SVR
78 th repeated holdout test
748-dim features, using SVR
79 th repeated holdout test
748-dim features, using SVR
80 th repeated holdout test
748-dim features, using SVR
81 th repeated holdout test
748-dim features, using SVR
82 th repeated holdout test
748-dim features, using SVR
83 th repeated holdout test
748-dim features, using SVR
84 th repeated holdout test
748-dim features, using SVR
85 th repeated holdout test
748-dim features, using SVR
86 th repeated holdout test
748-dim features, using SVR
87 th repeated holdout test
748-dim features, using SVR
88 th repeated holdout test
748-dim features, using SVR
89 th repeated holdout test
748-dim features, using SVR
90 th repeated holdout test
748-dim features, using SVR
91 th repeated holdout test
748-dim features, using SVR
92 th repeated holdout test
748-dim features, using SVR
93 th repeated holdout test
748-dim features, using SVR
94 th repeated holdout test
748-dim features, using SVR
95 th repeated holdout test
748-dim features, using SVR
96 th repeated holdout test
748-dim features, using SVR
97 th repeated holdout test
748-dim features, using SVR
98 th repeated holdout test
748-dim features, using SVR
99 th repeated holdout test
748-dim features, using SVR
======================================================
Average training results among all repeated 80-20 holdouts:
SRCC Train: 0.8395839328493662 (std: 0.0646436906488407)
KRCC Train: 0.6629136441797754 (std: 0.07455274872522477)
PLCC Train: 0.8580810548185481 (std: 0.061656615809934825)
RMSE Train: 6.282612649959369 (std: 1.248504091696071)
======================================================
Average testing results among all repeated 80-20 holdouts:
SRCC Test: 0.6081013935808487 (std: 0.12372489573541207)
KRCC Test: 0.4484273977185237 (std: 0.09752047357809272)
PLCC Test: 0.6659365294253122 (std: 0.11832467341331186)
RMSE Test: 9.044628306761986 (std: 1.1352376305154304)



Overall 194.39131665229797 secs lapsed..
Namespace(color_only=False, dataset_name='LIVE_HFR', feature_file='features/LIVE_HFR_ST_QUV_NODOG_272_GL_Haar_feats.mat', log_file='logs/LIVE_HFR_regression_bc_two.log', log_short=True, max_thread_count=4, model_name='ST_QUV_NODOG_272_GL_Haar', mos_file='features/LIVE_HFR_metadata.csv', num_cont=16, num_dists=30, num_iterations=100, out_file='result/LIVE_HFR_ST_QUV_NODOG_272_GL_Haar_SVR_corr_bc_two.mat', use_parallel=True)
1 th repeated holdout test
748-dim features, using SVR2 th repeated holdout test

748-dim features, using SVR3 th repeated holdout test
4 th repeated holdout test

748-dim features, using SVR
748-dim features, using SVR
5 th repeated holdout test
748-dim features, using SVR
6 th repeated holdout test
748-dim features, using SVR
7 th repeated holdout test
748-dim features, using SVR
8 th repeated holdout test
748-dim features, using SVR
9 th repeated holdout test
748-dim features, using SVR
10 th repeated holdout test
748-dim features, using SVR
11 th repeated holdout test
748-dim features, using SVR
12 th repeated holdout test
748-dim features, using SVR
13 th repeated holdout test
748-dim features, using SVR
14 th repeated holdout test
748-dim features, using SVR
15 th repeated holdout test
748-dim features, using SVR
16 th repeated holdout test
748-dim features, using SVR
17 th repeated holdout test
748-dim features, using SVR
18 th repeated holdout test
748-dim features, using SVR
19 th repeated holdout test
748-dim features, using SVR
20 th repeated holdout test
748-dim features, using SVR
21 th repeated holdout test
748-dim features, using SVR
22 th repeated holdout test
748-dim features, using SVR
23 th repeated holdout test
748-dim features, using SVR
24 th repeated holdout test
748-dim features, using SVR
25 th repeated holdout test
748-dim features, using SVR
26 th repeated holdout test
748-dim features, using SVR
27 th repeated holdout test
748-dim features, using SVR
28 th repeated holdout test
748-dim features, using SVR
29 th repeated holdout test
748-dim features, using SVR
30 th repeated holdout test
748-dim features, using SVR
31 th repeated holdout test
748-dim features, using SVR
32 th repeated holdout test
748-dim features, using SVR
33 th repeated holdout test
748-dim features, using SVR
34 th repeated holdout test
748-dim features, using SVR
35 th repeated holdout test
748-dim features, using SVR
36 th repeated holdout test
748-dim features, using SVR
37 th repeated holdout test
748-dim features, using SVR
38 th repeated holdout test
748-dim features, using SVR
39 th repeated holdout test
748-dim features, using SVR
40 th repeated holdout test
748-dim features, using SVR
41 th repeated holdout test
748-dim features, using SVR
42 th repeated holdout test
748-dim features, using SVR
43 th repeated holdout test
748-dim features, using SVR
44 th repeated holdout test
748-dim features, using SVR
45 th repeated holdout test
748-dim features, using SVR
46 th repeated holdout test
748-dim features, using SVR
47 th repeated holdout test
748-dim features, using SVR
48 th repeated holdout test
748-dim features, using SVR
49 th repeated holdout test
748-dim features, using SVR
50 th repeated holdout test
748-dim features, using SVR
51 th repeated holdout test
748-dim features, using SVR
52 th repeated holdout test
748-dim features, using SVR
53 th repeated holdout test
748-dim features, using SVR
54 th repeated holdout test
748-dim features, using SVR
55 th repeated holdout test
748-dim features, using SVR
56 th repeated holdout test
748-dim features, using SVR
57 th repeated holdout test
748-dim features, using SVR
58 th repeated holdout test
748-dim features, using SVR
59 th repeated holdout test
748-dim features, using SVR
60 th repeated holdout test
748-dim features, using SVR
61 th repeated holdout test
748-dim features, using SVR
62 th repeated holdout test
748-dim features, using SVR
63 th repeated holdout test
748-dim features, using SVR
64 th repeated holdout test
748-dim features, using SVR
65 th repeated holdout test
748-dim features, using SVR
66 th repeated holdout test
748-dim features, using SVR
67 th repeated holdout test
748-dim features, using SVR
68 th repeated holdout test
748-dim features, using SVR
69 th repeated holdout test
748-dim features, using SVR
70 th repeated holdout test
748-dim features, using SVR
71 th repeated holdout test
748-dim features, using SVR
72 th repeated holdout test
748-dim features, using SVR
73 th repeated holdout test
748-dim features, using SVR
74 th repeated holdout test
748-dim features, using SVR
75 th repeated holdout test
748-dim features, using SVR
76 th repeated holdout test
748-dim features, using SVR
77 th repeated holdout test
748-dim features, using SVR
78 th repeated holdout test
748-dim features, using SVR
79 th repeated holdout test
748-dim features, using SVR
80 th repeated holdout test
748-dim features, using SVR
81 th repeated holdout test
748-dim features, using SVR
82 th repeated holdout test
748-dim features, using SVR
83 th repeated holdout test
748-dim features, using SVR
84 th repeated holdout test
748-dim features, using SVR
85 th repeated holdout test
748-dim features, using SVR
86 th repeated holdout test
748-dim features, using SVR
87 th repeated holdout test
748-dim features, using SVR
88 th repeated holdout test
748-dim features, using SVR
89 th repeated holdout test
748-dim features, using SVR
90 th repeated holdout test
748-dim features, using SVR
91 th repeated holdout test
748-dim features, using SVR
92 th repeated holdout test
748-dim features, using SVR
93 th repeated holdout test
748-dim features, using SVR
94 th repeated holdout test
748-dim features, using SVR
95 th repeated holdout test
748-dim features, using SVR
96 th repeated holdout test
748-dim features, using SVR
97 th repeated holdout test
748-dim features, using SVR
98 th repeated holdout test
748-dim features, using SVR
99 th repeated holdout test
748-dim features, using SVR
======================================================
Average training results among all repeated 80-20 holdouts:
SRCC Train: 0.8395839328493662 (std: 0.0646436906488407)
KRCC Train: 0.6629136441797754 (std: 0.07455274872522477)
PLCC Train: 0.8580810548185481 (std: 0.061656615809934825)
RMSE Train: 6.282612649959369 (std: 1.248504091696071)
======================================================
Average testing results among all repeated 80-20 holdouts:
SRCC Test: 0.6081013935808487 (std: 0.12372489573541207)
KRCC Test: 0.4484273977185237 (std: 0.09752047357809272)
PLCC Test: 0.6659365294253122 (std: 0.11832467341331186)
RMSE Test: 9.044628306761986 (std: 1.1352376305154304)



Overall 194.39131665229797 secs lapsed..
Namespace(color_only=False, dataset_name='LIVE_HFR', feature_file='features/LIVE_HFR_ST_QUV_NODOG_272_GL_Haar_ev16_feats.mat', log_file='logs/LIVE_HFR_regression_bc_two.log', log_short=True, max_thread_count=4, model_name='ST_QUV_NODOG_272_GL_Haar_ev16', mos_file='features/LIVE_HFR_metadata.csv', num_cont=16, num_dists=30, num_iterations=100, out_file='result/LIVE_HFR_ST_QUV_NODOG_272_GL_Haar_ev16_SVR_corr_bc_two.mat', use_parallel=True)
1 th repeated holdout test2 th repeated holdout test
3 th repeated holdout test4 th repeated holdout test


748-dim features, using SVR
748-dim features, using SVR
748-dim features, using SVR
748-dim features, using SVR
5 th repeated holdout test
748-dim features, using SVR
6 th repeated holdout test
748-dim features, using SVR
7 th repeated holdout test
748-dim features, using SVR
8 th repeated holdout test
748-dim features, using SVR
9 th repeated holdout test
748-dim features, using SVR
10 th repeated holdout test
748-dim features, using SVR
11 th repeated holdout test
748-dim features, using SVR
12 th repeated holdout test
748-dim features, using SVR
13 th repeated holdout test
748-dim features, using SVR
14 th repeated holdout test
748-dim features, using SVR
15 th repeated holdout test
748-dim features, using SVR
16 th repeated holdout test
748-dim features, using SVR
17 th repeated holdout test
748-dim features, using SVR
18 th repeated holdout test
748-dim features, using SVR
19 th repeated holdout test
748-dim features, using SVR
20 th repeated holdout test
748-dim features, using SVR
21 th repeated holdout test
748-dim features, using SVR
22 th repeated holdout test
748-dim features, using SVR
23 th repeated holdout test
748-dim features, using SVR
24 th repeated holdout test
748-dim features, using SVR
25 th repeated holdout test
748-dim features, using SVR
26 th repeated holdout test
748-dim features, using SVR
27 th repeated holdout test
748-dim features, using SVR
28 th repeated holdout test
748-dim features, using SVR
29 th repeated holdout test
748-dim features, using SVR
30 th repeated holdout test
748-dim features, using SVR
31 th repeated holdout test
748-dim features, using SVR
32 th repeated holdout test
748-dim features, using SVR
33 th repeated holdout test
748-dim features, using SVR
34 th repeated holdout test
748-dim features, using SVR
35 th repeated holdout test
748-dim features, using SVR
36 th repeated holdout test
748-dim features, using SVR
37 th repeated holdout test
748-dim features, using SVR
38 th repeated holdout test
748-dim features, using SVR
39 th repeated holdout test
748-dim features, using SVR
40 th repeated holdout test
748-dim features, using SVR
41 th repeated holdout test
748-dim features, using SVR
42 th repeated holdout test
748-dim features, using SVR
43 th repeated holdout test
748-dim features, using SVR
44 th repeated holdout test
748-dim features, using SVR
45 th repeated holdout test
748-dim features, using SVR
46 th repeated holdout test
748-dim features, using SVR
47 th repeated holdout test
748-dim features, using SVR
48 th repeated holdout test
748-dim features, using SVR
49 th repeated holdout test
748-dim features, using SVR
50 th repeated holdout test
748-dim features, using SVR
51 th repeated holdout test
748-dim features, using SVR
52 th repeated holdout test
748-dim features, using SVR
53 th repeated holdout test
748-dim features, using SVR
54 th repeated holdout test
748-dim features, using SVR
55 th repeated holdout test
748-dim features, using SVR
56 th repeated holdout test
748-dim features, using SVR
57 th repeated holdout test
748-dim features, using SVR
58 th repeated holdout test
748-dim features, using SVR
59 th repeated holdout test
748-dim features, using SVR
60 th repeated holdout test
748-dim features, using SVR
61 th repeated holdout test
748-dim features, using SVR
62 th repeated holdout test
748-dim features, using SVR
63 th repeated holdout test
748-dim features, using SVR
64 th repeated holdout test
748-dim features, using SVR
65 th repeated holdout test
748-dim features, using SVR
66 th repeated holdout test
748-dim features, using SVR
67 th repeated holdout test
748-dim features, using SVR
68 th repeated holdout test
748-dim features, using SVR
69 th repeated holdout test
748-dim features, using SVR
70 th repeated holdout test
748-dim features, using SVR
71 th repeated holdout test
748-dim features, using SVR
72 th repeated holdout test
748-dim features, using SVR
73 th repeated holdout test
748-dim features, using SVR
74 th repeated holdout test
748-dim features, using SVR
75 th repeated holdout test
748-dim features, using SVR
76 th repeated holdout test
748-dim features, using SVR
77 th repeated holdout test
748-dim features, using SVR
78 th repeated holdout test
748-dim features, using SVR
79 th repeated holdout test
748-dim features, using SVR
80 th repeated holdout test
748-dim features, using SVR
81 th repeated holdout test
748-dim features, using SVR
82 th repeated holdout test
748-dim features, using SVR
83 th repeated holdout test
748-dim features, using SVR
84 th repeated holdout test
748-dim features, using SVR
85 th repeated holdout test
748-dim features, using SVR
86 th repeated holdout test
748-dim features, using SVR
87 th repeated holdout test
748-dim features, using SVR
88 th repeated holdout test
748-dim features, using SVR
89 th repeated holdout test
748-dim features, using SVR
90 th repeated holdout test
748-dim features, using SVR
91 th repeated holdout test
748-dim features, using SVR
92 th repeated holdout test
748-dim features, using SVR
93 th repeated holdout test
748-dim features, using SVR
94 th repeated holdout test
748-dim features, using SVR
95 th repeated holdout test
748-dim features, using SVR
96 th repeated holdout test
748-dim features, using SVR
97 th repeated holdout test
748-dim features, using SVR
98 th repeated holdout test
748-dim features, using SVR
99 th repeated holdout test
748-dim features, using SVR
======================================================
Average training results among all repeated 80-20 holdouts:
SRCC Train: 0.8553743650371505 (std: 0.05488095126628834)
KRCC Train: 0.677488882630271 (std: 0.06502660412628945)
PLCC Train: 0.8706983565949419 (std: 0.048771442879522266)
RMSE Train: 6.061683246660382 (std: 1.0638675020665378)
======================================================
Average testing results among all repeated 80-20 holdouts:
SRCC Test: 0.5973103883216243 (std: 0.12861342199898104)
KRCC Test: 0.4395742695368162 (std: 0.10292574013626882)
PLCC Test: 0.6690394298254028 (std: 0.10137790614332537)
RMSE Test: 9.06040271157189 (std: 1.0854175513421767)



Overall 48.64159822463989 secs lapsed..
Namespace(color_only=False, dataset_name='LIVE_HFR', feature_file='features/LIVE_HFR_ST_QUV_NODOG_272_GL_Haar_ev8_feats.mat', log_file='logs/LIVE_HFR_regression_bc_two.log', log_short=True, max_thread_count=4, model_name='ST_QUV_NODOG_272_GL_Haar_ev8', mos_file='features/LIVE_HFR_metadata.csv', num_cont=16, num_dists=30, num_iterations=100, out_file='result/LIVE_HFR_ST_QUV_NODOG_272_GL_Haar_ev8_SVR_corr_bc_two.mat', use_parallel=True)
1 th repeated holdout test2 th repeated holdout test
3 th repeated holdout test

4 th repeated holdout test
748-dim features, using SVR
748-dim features, using SVR
748-dim features, using SVR748-dim features, using SVR

5 th repeated holdout test
748-dim features, using SVR
6 th repeated holdout test
748-dim features, using SVR
7 th repeated holdout test
8 th repeated holdout test
748-dim features, using SVR
748-dim features, using SVR
9 th repeated holdout test
748-dim features, using SVR
10 th repeated holdout test
748-dim features, using SVR
11 th repeated holdout test
748-dim features, using SVR
12 th repeated holdout test
748-dim features, using SVR
13 th repeated holdout test
748-dim features, using SVR
14 th repeated holdout test
748-dim features, using SVR
15 th repeated holdout test
748-dim features, using SVR
16 th repeated holdout test
748-dim features, using SVR
17 th repeated holdout test
748-dim features, using SVR
18 th repeated holdout test
748-dim features, using SVR
19 th repeated holdout test
748-dim features, using SVR
20 th repeated holdout test
748-dim features, using SVR
21 th repeated holdout test
748-dim features, using SVR
22 th repeated holdout test
748-dim features, using SVR
23 th repeated holdout test
748-dim features, using SVR
24 th repeated holdout test
748-dim features, using SVR
25 th repeated holdout test
748-dim features, using SVR
26 th repeated holdout test
748-dim features, using SVR
27 th repeated holdout test
748-dim features, using SVR
28 th repeated holdout test
748-dim features, using SVR
29 th repeated holdout test
748-dim features, using SVR
30 th repeated holdout test
748-dim features, using SVR
31 th repeated holdout test
748-dim features, using SVR
32 th repeated holdout test
748-dim features, using SVR
33 th repeated holdout test
748-dim features, using SVR
34 th repeated holdout test
748-dim features, using SVR
35 th repeated holdout test
748-dim features, using SVR
36 th repeated holdout test
748-dim features, using SVR
37 th repeated holdout test
748-dim features, using SVR
38 th repeated holdout test
748-dim features, using SVR
39 th repeated holdout test
748-dim features, using SVR
40 th repeated holdout test
748-dim features, using SVR
41 th repeated holdout test
748-dim features, using SVR
42 th repeated holdout test
748-dim features, using SVR
43 th repeated holdout test
748-dim features, using SVR
44 th repeated holdout test
748-dim features, using SVR
45 th repeated holdout test
748-dim features, using SVR
46 th repeated holdout test
748-dim features, using SVR
47 th repeated holdout test
748-dim features, using SVR
48 th repeated holdout test
748-dim features, using SVR
49 th repeated holdout test
748-dim features, using SVR
50 th repeated holdout test
748-dim features, using SVR
51 th repeated holdout test
748-dim features, using SVR
52 th repeated holdout test
748-dim features, using SVR
53 th repeated holdout test
748-dim features, using SVR
54 th repeated holdout test
748-dim features, using SVR
55 th repeated holdout test
748-dim features, using SVR
56 th repeated holdout test
748-dim features, using SVR
57 th repeated holdout test
748-dim features, using SVR
58 th repeated holdout test
748-dim features, using SVR
59 th repeated holdout test
748-dim features, using SVR
60 th repeated holdout test
748-dim features, using SVR
61 th repeated holdout test
748-dim features, using SVR
62 th repeated holdout test
748-dim features, using SVR
63 th repeated holdout test
748-dim features, using SVR
64 th repeated holdout test
748-dim features, using SVR
65 th repeated holdout test
748-dim features, using SVR
66 th repeated holdout test
748-dim features, using SVR
67 th repeated holdout test
748-dim features, using SVR
68 th repeated holdout test
748-dim features, using SVR
69 th repeated holdout test
748-dim features, using SVR
70 th repeated holdout test
748-dim features, using SVR
71 th repeated holdout test
748-dim features, using SVR
72 th repeated holdout test
748-dim features, using SVR
73 th repeated holdout test
748-dim features, using SVR
74 th repeated holdout test
748-dim features, using SVR
75 th repeated holdout test
748-dim features, using SVR
76 th repeated holdout test
748-dim features, using SVR
77 th repeated holdout test
748-dim features, using SVR
78 th repeated holdout test
748-dim features, using SVR
79 th repeated holdout test
748-dim features, using SVR
80 th repeated holdout test
748-dim features, using SVR
81 th repeated holdout test
748-dim features, using SVR
82 th repeated holdout test
748-dim features, using SVR
83 th repeated holdout test
748-dim features, using SVR
84 th repeated holdout test
748-dim features, using SVR
85 th repeated holdout test
748-dim features, using SVR
86 th repeated holdout test
748-dim features, using SVR
87 th repeated holdout test
748-dim features, using SVR
88 th repeated holdout test
748-dim features, using SVR
89 th repeated holdout test
748-dim features, using SVR
90 th repeated holdout test
748-dim features, using SVR
91 th repeated holdout test
748-dim features, using SVR
92 th repeated holdout test
748-dim features, using SVR
93 th repeated holdout test
748-dim features, using SVR
94 th repeated holdout test
748-dim features, using SVR
95 th repeated holdout test
748-dim features, using SVR
96 th repeated holdout test
748-dim features, using SVR
97 th repeated holdout test
748-dim features, using SVR
98 th repeated holdout test
748-dim features, using SVR
99 th repeated holdout test
748-dim features, using SVR
======================================================
Average training results among all repeated 80-20 holdouts:
SRCC Train: 0.8503215013829811 (std: 0.06675174926637266)
KRCC Train: 0.6751212607253739 (std: 0.07811699267666106)
PLCC Train: 0.8670992422203484 (std: 0.05947119122723029)
RMSE Train: 6.081818537774858 (std: 1.2794424700090785)
======================================================
Average testing results among all repeated 80-20 holdouts:
SRCC Test: 0.573654913488442 (std: 0.13123040313591888)
KRCC Test: 0.41995529090182204 (std: 0.10359781543822136)
PLCC Test: 0.6413372950209899 (std: 0.1231770260057606)
RMSE Test: 9.31992040737317 (std: 1.1718075621400188)



Overall 48.660712242126465 secs lapsed..
Namespace(color_only=False, dataset_name='LIVE_HFR', feature_file='features/LIVE_HFR_ST_QUV_NODOG_272_GL_Db2_feats.mat', log_file='logs/LIVE_HFR_regression_bc_two.log', log_short=True, max_thread_count=4, model_name='ST_QUV_NODOG_272_GL_Db2', mos_file='features/LIVE_HFR_metadata.csv', num_cont=16, num_dists=30, num_iterations=100, out_file='result/LIVE_HFR_ST_QUV_NODOG_272_GL_Db2_SVR_corr_bc_two.mat', use_parallel=True)
1 th repeated holdout test2 th repeated holdout test
3 th repeated holdout test4 th repeated holdout test


748-dim features, using SVR
748-dim features, using SVR
748-dim features, using SVR
748-dim features, using SVR
5 th repeated holdout test
748-dim features, using SVR
6 th repeated holdout test
7 th repeated holdout test
748-dim features, using SVR
748-dim features, using SVR
8 th repeated holdout test
748-dim features, using SVR
9 th repeated holdout test
748-dim features, using SVR
10 th repeated holdout test
748-dim features, using SVR
11 th repeated holdout test
748-dim features, using SVR
12 th repeated holdout test
748-dim features, using SVR
13 th repeated holdout test
748-dim features, using SVR
14 th repeated holdout test
748-dim features, using SVR
15 th repeated holdout test
748-dim features, using SVR
16 th repeated holdout test
748-dim features, using SVR
17 th repeated holdout test
748-dim features, using SVR
18 th repeated holdout test
748-dim features, using SVR
19 th repeated holdout test
748-dim features, using SVR
20 th repeated holdout test
748-dim features, using SVR
21 th repeated holdout test
748-dim features, using SVR
22 th repeated holdout test
748-dim features, using SVR
23 th repeated holdout test
748-dim features, using SVR
24 th repeated holdout test
748-dim features, using SVR
25 th repeated holdout test
748-dim features, using SVR
26 th repeated holdout test
748-dim features, using SVR
27 th repeated holdout test
748-dim features, using SVR
28 th repeated holdout test
748-dim features, using SVR
29 th repeated holdout test
748-dim features, using SVR
30 th repeated holdout test
748-dim features, using SVR
31 th repeated holdout test
748-dim features, using SVR
32 th repeated holdout test
748-dim features, using SVR
33 th repeated holdout test
748-dim features, using SVR
34 th repeated holdout test
748-dim features, using SVR
35 th repeated holdout test
748-dim features, using SVR
36 th repeated holdout test
748-dim features, using SVR
37 th repeated holdout test
748-dim features, using SVR
38 th repeated holdout test
748-dim features, using SVR
39 th repeated holdout test
748-dim features, using SVR
40 th repeated holdout test
748-dim features, using SVR
41 th repeated holdout test
748-dim features, using SVR
42 th repeated holdout test
748-dim features, using SVR
43 th repeated holdout test
748-dim features, using SVR
44 th repeated holdout test
748-dim features, using SVR
45 th repeated holdout test
748-dim features, using SVR
46 th repeated holdout test
748-dim features, using SVR
47 th repeated holdout test
748-dim features, using SVR
48 th repeated holdout test
748-dim features, using SVR
49 th repeated holdout test
748-dim features, using SVR
50 th repeated holdout test
748-dim features, using SVR
51 th repeated holdout test
748-dim features, using SVR
52 th repeated holdout test
748-dim features, using SVR
53 th repeated holdout test
748-dim features, using SVR
54 th repeated holdout test
748-dim features, using SVR
55 th repeated holdout test
748-dim features, using SVR
56 th repeated holdout test
748-dim features, using SVR
57 th repeated holdout test
748-dim features, using SVR
58 th repeated holdout test
748-dim features, using SVR
59 th repeated holdout test
748-dim features, using SVR
60 th repeated holdout test
748-dim features, using SVR
61 th repeated holdout test
748-dim features, using SVR
62 th repeated holdout test
748-dim features, using SVR
63 th repeated holdout test
748-dim features, using SVR
64 th repeated holdout test
748-dim features, using SVR
65 th repeated holdout test
748-dim features, using SVR
66 th repeated holdout test
748-dim features, using SVR
67 th repeated holdout test
748-dim features, using SVR
68 th repeated holdout test
748-dim features, using SVR
69 th repeated holdout test
748-dim features, using SVR
70 th repeated holdout test
748-dim features, using SVR
71 th repeated holdout test
748-dim features, using SVR
72 th repeated holdout test
748-dim features, using SVR
73 th repeated holdout test
748-dim features, using SVR
74 th repeated holdout test
748-dim features, using SVR
75 th repeated holdout test
748-dim features, using SVR
76 th repeated holdout test
748-dim features, using SVR
77 th repeated holdout test
748-dim features, using SVR
78 th repeated holdout test
748-dim features, using SVR
79 th repeated holdout test
748-dim features, using SVR
80 th repeated holdout test
748-dim features, using SVR
81 th repeated holdout test
748-dim features, using SVR
82 th repeated holdout test
748-dim features, using SVR
83 th repeated holdout test
748-dim features, using SVR
84 th repeated holdout test
748-dim features, using SVR
85 th repeated holdout test
748-dim features, using SVR
86 th repeated holdout test
748-dim features, using SVR
87 th repeated holdout test
748-dim features, using SVR
88 th repeated holdout test
748-dim features, using SVR
89 th repeated holdout test
748-dim features, using SVR
90 th repeated holdout test
748-dim features, using SVR
91 th repeated holdout test
748-dim features, using SVR
92 th repeated holdout test
748-dim features, using SVR
93 th repeated holdout test
748-dim features, using SVR
94 th repeated holdout test
748-dim features, using SVR
95 th repeated holdout test
748-dim features, using SVR
96 th repeated holdout test
748-dim features, using SVR
97 th repeated holdout test
748-dim features, using SVR
98 th repeated holdout test
748-dim features, using SVR
99 th repeated holdout test
748-dim features, using SVR
======================================================
Average training results among all repeated 80-20 holdouts:
SRCC Train: 0.8656156213799592 (std: 0.059541765899132924)
KRCC Train: 0.6939272096084436 (std: 0.07213713155847927)
PLCC Train: 0.8794634299705931 (std: 0.05574583862660668)
RMSE Train: 5.812465397071598 (std: 1.2222833407529847)
======================================================
Average testing results among all repeated 80-20 holdouts:
SRCC Test: 0.6551889529037825 (std: 0.10691598142181843)
KRCC Test: 0.4863258732430239 (std: 0.0884833860056599)
PLCC Test: 0.7042200264466464 (std: 0.08876296588210461)
RMSE Test: 8.675826076029363 (std: 1.1431444795815793)



Overall 40.600324869155884 secs lapsed..
Namespace(color_only=False, dataset_name='LIVE_HFR', feature_file='features/LIVE_HFR_ST_QUV_NODOG_272_GL_Db2_feats.mat', log_file='logs/LIVE_HFR_regression_bc_two.log', log_short=True, max_thread_count=4, model_name='ST_QUV_NODOG_272_GL_Db2', mos_file='features/LIVE_HFR_metadata.csv', num_cont=16, num_dists=30, num_iterations=100, out_file='result/LIVE_HFR_ST_QUV_NODOG_272_GL_Db2_SVR_corr_bc_two.mat', use_parallel=True)
1 th repeated holdout test2 th repeated holdout test
3 th repeated holdout test4 th repeated holdout test


748-dim features, using SVR
748-dim features, using SVR
748-dim features, using SVR
748-dim features, using SVR
5 th repeated holdout test
748-dim features, using SVR
6 th repeated holdout test
7 th repeated holdout test
748-dim features, using SVR
748-dim features, using SVR
8 th repeated holdout test
748-dim features, using SVR
9 th repeated holdout test
748-dim features, using SVR
10 th repeated holdout test
748-dim features, using SVR
11 th repeated holdout test
748-dim features, using SVR
12 th repeated holdout test
748-dim features, using SVR
13 th repeated holdout test
748-dim features, using SVR
14 th repeated holdout test
748-dim features, using SVR
15 th repeated holdout test
748-dim features, using SVR
16 th repeated holdout test
748-dim features, using SVR
17 th repeated holdout test
748-dim features, using SVR
18 th repeated holdout test
748-dim features, using SVR
19 th repeated holdout test
748-dim features, using SVR
20 th repeated holdout test
748-dim features, using SVR
21 th repeated holdout test
748-dim features, using SVR
22 th repeated holdout test
748-dim features, using SVR
23 th repeated holdout test
748-dim features, using SVR
24 th repeated holdout test
748-dim features, using SVR
25 th repeated holdout test
748-dim features, using SVR
26 th repeated holdout test
748-dim features, using SVR
27 th repeated holdout test
748-dim features, using SVR
28 th repeated holdout test
748-dim features, using SVR
29 th repeated holdout test
748-dim features, using SVR
30 th repeated holdout test
748-dim features, using SVR
31 th repeated holdout test
748-dim features, using SVR
32 th repeated holdout test
748-dim features, using SVR
33 th repeated holdout test
748-dim features, using SVR
34 th repeated holdout test
748-dim features, using SVR
35 th repeated holdout test
748-dim features, using SVR
36 th repeated holdout test
748-dim features, using SVR
37 th repeated holdout test
748-dim features, using SVR
38 th repeated holdout test
748-dim features, using SVR
39 th repeated holdout test
748-dim features, using SVR
40 th repeated holdout test
748-dim features, using SVR
41 th repeated holdout test
748-dim features, using SVR
42 th repeated holdout test
748-dim features, using SVR
43 th repeated holdout test
748-dim features, using SVR
44 th repeated holdout test
748-dim features, using SVR
45 th repeated holdout test
748-dim features, using SVR
46 th repeated holdout test
748-dim features, using SVR
47 th repeated holdout test
748-dim features, using SVR
48 th repeated holdout test
748-dim features, using SVR
49 th repeated holdout test
748-dim features, using SVR
50 th repeated holdout test
748-dim features, using SVR
51 th repeated holdout test
748-dim features, using SVR
52 th repeated holdout test
748-dim features, using SVR
53 th repeated holdout test
748-dim features, using SVR
54 th repeated holdout test
748-dim features, using SVR
55 th repeated holdout test
748-dim features, using SVR
56 th repeated holdout test
748-dim features, using SVR
57 th repeated holdout test
748-dim features, using SVR
58 th repeated holdout test
748-dim features, using SVR
59 th repeated holdout test
748-dim features, using SVR
60 th repeated holdout test
748-dim features, using SVR
61 th repeated holdout test
748-dim features, using SVR
62 th repeated holdout test
748-dim features, using SVR
63 th repeated holdout test
748-dim features, using SVR
64 th repeated holdout test
748-dim features, using SVR
65 th repeated holdout test
748-dim features, using SVR
66 th repeated holdout test
748-dim features, using SVR
67 th repeated holdout test
748-dim features, using SVR
68 th repeated holdout test
748-dim features, using SVR
69 th repeated holdout test
748-dim features, using SVR
70 th repeated holdout test
748-dim features, using SVR
71 th repeated holdout test
748-dim features, using SVR
72 th repeated holdout test
748-dim features, using SVR
73 th repeated holdout test
748-dim features, using SVR
74 th repeated holdout test
748-dim features, using SVR
75 th repeated holdout test
748-dim features, using SVR
76 th repeated holdout test
748-dim features, using SVR
77 th repeated holdout test
748-dim features, using SVR
78 th repeated holdout test
748-dim features, using SVR
79 th repeated holdout test
748-dim features, using SVR
80 th repeated holdout test
748-dim features, using SVR
81 th repeated holdout test
748-dim features, using SVR
82 th repeated holdout test
748-dim features, using SVR
83 th repeated holdout test
748-dim features, using SVR
84 th repeated holdout test
748-dim features, using SVR
85 th repeated holdout test
748-dim features, using SVR
86 th repeated holdout test
748-dim features, using SVR
87 th repeated holdout test
748-dim features, using SVR
88 th repeated holdout test
748-dim features, using SVR
89 th repeated holdout test
748-dim features, using SVR
90 th repeated holdout test
748-dim features, using SVR
91 th repeated holdout test
748-dim features, using SVR
92 th repeated holdout test
748-dim features, using SVR
93 th repeated holdout test
748-dim features, using SVR
94 th repeated holdout test
748-dim features, using SVR
95 th repeated holdout test
748-dim features, using SVR
96 th repeated holdout test
748-dim features, using SVR
97 th repeated holdout test
748-dim features, using SVR
98 th repeated holdout test
748-dim features, using SVR
99 th repeated holdout test
748-dim features, using SVR
======================================================
Average training results among all repeated 80-20 holdouts:
SRCC Train: 0.8656156213799592 (std: 0.059541765899132924)
KRCC Train: 0.6939272096084436 (std: 0.07213713155847927)
PLCC Train: 0.8794634299705931 (std: 0.05574583862660668)
RMSE Train: 5.812465397071598 (std: 1.2222833407529847)
======================================================
Average testing results among all repeated 80-20 holdouts:
SRCC Test: 0.6551889529037825 (std: 0.10691598142181843)
KRCC Test: 0.4863258732430239 (std: 0.0884833860056599)
PLCC Test: 0.7042200264466464 (std: 0.08876296588210461)
RMSE Test: 8.675826076029363 (std: 1.1431444795815793)



Overall 40.600324869155884 secs lapsed..
Namespace(color_only=False, dataset_name='LIVE_HFR', feature_file='features/LIVE_HFR_ST_QUV_NODOG_272_GL_Db2_ev16_feats.mat', log_file='logs/LIVE_HFR_regression_bc_two.log', log_short=True, max_thread_count=4, model_name='ST_QUV_NODOG_272_GL_Db2_ev16', mos_file='features/LIVE_HFR_metadata.csv', num_cont=16, num_dists=30, num_iterations=100, out_file='result/LIVE_HFR_ST_QUV_NODOG_272_GL_Db2_ev16_SVR_corr_bc_two.mat', use_parallel=True)
1 th repeated holdout test2 th repeated holdout test
3 th repeated holdout test

4 th repeated holdout test
748-dim features, using SVR
748-dim features, using SVR
748-dim features, using SVR
748-dim features, using SVR
5 th repeated holdout test
748-dim features, using SVR
6 th repeated holdout test
748-dim features, using SVR
7 th repeated holdout test
748-dim features, using SVR
8 th repeated holdout test
748-dim features, using SVR
9 th repeated holdout test
748-dim features, using SVR
10 th repeated holdout test
748-dim features, using SVR
11 th repeated holdout test
748-dim features, using SVR
12 th repeated holdout test
748-dim features, using SVR
13 th repeated holdout test
748-dim features, using SVR
14 th repeated holdout test
748-dim features, using SVR
15 th repeated holdout test
748-dim features, using SVR
16 th repeated holdout test
748-dim features, using SVR
17 th repeated holdout test
748-dim features, using SVR
18 th repeated holdout test
748-dim features, using SVR
19 th repeated holdout test
20 th repeated holdout test
748-dim features, using SVR
748-dim features, using SVR
21 th repeated holdout test
748-dim features, using SVR
22 th repeated holdout test
748-dim features, using SVR
23 th repeated holdout test
748-dim features, using SVR
24 th repeated holdout test
748-dim features, using SVR
25 th repeated holdout test
748-dim features, using SVR
26 th repeated holdout test
748-dim features, using SVR
27 th repeated holdout test
748-dim features, using SVR
28 th repeated holdout test
748-dim features, using SVR
29 th repeated holdout test
748-dim features, using SVR
30 th repeated holdout test
748-dim features, using SVR
31 th repeated holdout test
748-dim features, using SVR
32 th repeated holdout test
748-dim features, using SVR
33 th repeated holdout test
748-dim features, using SVR
34 th repeated holdout test
748-dim features, using SVR
35 th repeated holdout test
748-dim features, using SVR
36 th repeated holdout test
748-dim features, using SVR
37 th repeated holdout test
748-dim features, using SVR
38 th repeated holdout test
748-dim features, using SVR
39 th repeated holdout test
748-dim features, using SVR
40 th repeated holdout test
748-dim features, using SVR
41 th repeated holdout test
748-dim features, using SVR
42 th repeated holdout test
748-dim features, using SVR
43 th repeated holdout test
748-dim features, using SVR
44 th repeated holdout test
748-dim features, using SVR
45 th repeated holdout test
748-dim features, using SVR
46 th repeated holdout test
748-dim features, using SVR
47 th repeated holdout test
748-dim features, using SVR
48 th repeated holdout test
748-dim features, using SVR
49 th repeated holdout test
748-dim features, using SVR
50 th repeated holdout test
748-dim features, using SVR
51 th repeated holdout test
748-dim features, using SVR
52 th repeated holdout test
748-dim features, using SVR
53 th repeated holdout test
748-dim features, using SVR
54 th repeated holdout test
748-dim features, using SVR
55 th repeated holdout test
748-dim features, using SVR
56 th repeated holdout test
748-dim features, using SVR
57 th repeated holdout test
748-dim features, using SVR
58 th repeated holdout test
748-dim features, using SVR
59 th repeated holdout test
748-dim features, using SVR
60 th repeated holdout test
748-dim features, using SVR
61 th repeated holdout test
748-dim features, using SVR
62 th repeated holdout test
748-dim features, using SVR
63 th repeated holdout test
748-dim features, using SVR
64 th repeated holdout test
748-dim features, using SVR
65 th repeated holdout test
748-dim features, using SVR
66 th repeated holdout test
748-dim features, using SVR
67 th repeated holdout test
748-dim features, using SVR
68 th repeated holdout test
748-dim features, using SVR
69 th repeated holdout test
748-dim features, using SVR
70 th repeated holdout test
748-dim features, using SVR
71 th repeated holdout test
748-dim features, using SVR
72 th repeated holdout test
748-dim features, using SVR
73 th repeated holdout test
748-dim features, using SVR
74 th repeated holdout test
748-dim features, using SVR
75 th repeated holdout test
748-dim features, using SVR
76 th repeated holdout test
748-dim features, using SVR
77 th repeated holdout test
748-dim features, using SVR
78 th repeated holdout test
748-dim features, using SVR
79 th repeated holdout test
748-dim features, using SVR
80 th repeated holdout test
748-dim features, using SVR
81 th repeated holdout test
748-dim features, using SVR
82 th repeated holdout test
748-dim features, using SVR
83 th repeated holdout test
748-dim features, using SVR
84 th repeated holdout test
748-dim features, using SVR
85 th repeated holdout test
748-dim features, using SVR
86 th repeated holdout test
748-dim features, using SVR
87 th repeated holdout test
748-dim features, using SVR
88 th repeated holdout test
748-dim features, using SVR
89 th repeated holdout test
748-dim features, using SVR
90 th repeated holdout test
748-dim features, using SVR
91 th repeated holdout test
748-dim features, using SVR
92 th repeated holdout test
748-dim features, using SVR
93 th repeated holdout test
748-dim features, using SVR
94 th repeated holdout test
748-dim features, using SVR
95 th repeated holdout test
748-dim features, using SVR
96 th repeated holdout test
748-dim features, using SVR
97 th repeated holdout test
748-dim features, using SVR
98 th repeated holdout test
748-dim features, using SVR
99 th repeated holdout test
748-dim features, using SVR
======================================================
Average training results among all repeated 80-20 holdouts:
SRCC Train: 0.8766312680460702 (std: 0.04784983520312537)
KRCC Train: 0.703316202030855 (std: 0.058929179434996946)
PLCC Train: 0.8892181093935215 (std: 0.04305336812255241)
RMSE Train: 5.639856120987555 (std: 0.9857545270181333)
======================================================
Average testing results among all repeated 80-20 holdouts:
SRCC Test: 0.6218943769505567 (std: 0.13244389820042388)
KRCC Test: 0.4613803452754763 (std: 0.1056418873124131)
PLCC Test: 0.678381629020927 (std: 0.11804238684470021)
RMSE Test: 8.895856517426724 (std: 1.2707164097506107)



Overall 51.4059898853302 secs lapsed..
Namespace(color_only=False, dataset_name='LIVE_HFR', feature_file='features/LIVE_HFR_ST_QUV_NODOG_272_GL_Db2_ev16_feats.mat', log_file='logs/LIVE_HFR_regression_bc_two.log', log_short=True, max_thread_count=4, model_name='ST_QUV_NODOG_272_GL_Db2_ev16', mos_file='features/LIVE_HFR_metadata.csv', num_cont=16, num_dists=30, num_iterations=100, out_file='result/LIVE_HFR_ST_QUV_NODOG_272_GL_Db2_ev16_SVR_corr_bc_two.mat', use_parallel=True)
1 th repeated holdout test2 th repeated holdout test
3 th repeated holdout test

4 th repeated holdout test
748-dim features, using SVR
748-dim features, using SVR
748-dim features, using SVR
748-dim features, using SVR
5 th repeated holdout test
748-dim features, using SVR
6 th repeated holdout test
748-dim features, using SVR
7 th repeated holdout test
748-dim features, using SVR
8 th repeated holdout test
748-dim features, using SVR
9 th repeated holdout test
748-dim features, using SVR
10 th repeated holdout test
748-dim features, using SVR
11 th repeated holdout test
748-dim features, using SVR
12 th repeated holdout test
748-dim features, using SVR
13 th repeated holdout test
748-dim features, using SVR
14 th repeated holdout test
748-dim features, using SVR
15 th repeated holdout test
748-dim features, using SVR
16 th repeated holdout test
748-dim features, using SVR
17 th repeated holdout test
748-dim features, using SVR
18 th repeated holdout test
748-dim features, using SVR
19 th repeated holdout test
20 th repeated holdout test
748-dim features, using SVR
748-dim features, using SVR
21 th repeated holdout test
748-dim features, using SVR
22 th repeated holdout test
748-dim features, using SVR
23 th repeated holdout test
748-dim features, using SVR
24 th repeated holdout test
748-dim features, using SVR
25 th repeated holdout test
748-dim features, using SVR
26 th repeated holdout test
748-dim features, using SVR
27 th repeated holdout test
748-dim features, using SVR
28 th repeated holdout test
748-dim features, using SVR
29 th repeated holdout test
748-dim features, using SVR
30 th repeated holdout test
748-dim features, using SVR
31 th repeated holdout test
748-dim features, using SVR
32 th repeated holdout test
748-dim features, using SVR
33 th repeated holdout test
748-dim features, using SVR
34 th repeated holdout test
748-dim features, using SVR
35 th repeated holdout test
748-dim features, using SVR
36 th repeated holdout test
748-dim features, using SVR
37 th repeated holdout test
748-dim features, using SVR
38 th repeated holdout test
748-dim features, using SVR
39 th repeated holdout test
748-dim features, using SVR
40 th repeated holdout test
748-dim features, using SVR
41 th repeated holdout test
748-dim features, using SVR
42 th repeated holdout test
748-dim features, using SVR
43 th repeated holdout test
748-dim features, using SVR
44 th repeated holdout test
748-dim features, using SVR
45 th repeated holdout test
748-dim features, using SVR
46 th repeated holdout test
748-dim features, using SVR
47 th repeated holdout test
748-dim features, using SVR
48 th repeated holdout test
748-dim features, using SVR
49 th repeated holdout test
748-dim features, using SVR
50 th repeated holdout test
748-dim features, using SVR
51 th repeated holdout test
748-dim features, using SVR
52 th repeated holdout test
748-dim features, using SVR
53 th repeated holdout test
748-dim features, using SVR
54 th repeated holdout test
748-dim features, using SVR
55 th repeated holdout test
748-dim features, using SVR
56 th repeated holdout test
748-dim features, using SVR
57 th repeated holdout test
748-dim features, using SVR
58 th repeated holdout test
748-dim features, using SVR
59 th repeated holdout test
748-dim features, using SVR
60 th repeated holdout test
748-dim features, using SVR
61 th repeated holdout test
748-dim features, using SVR
62 th repeated holdout test
748-dim features, using SVR
63 th repeated holdout test
748-dim features, using SVR
64 th repeated holdout test
748-dim features, using SVR
65 th repeated holdout test
748-dim features, using SVR
66 th repeated holdout test
748-dim features, using SVR
67 th repeated holdout test
748-dim features, using SVR
68 th repeated holdout test
748-dim features, using SVR
69 th repeated holdout test
748-dim features, using SVR
70 th repeated holdout test
748-dim features, using SVR
71 th repeated holdout test
748-dim features, using SVR
72 th repeated holdout test
748-dim features, using SVR
73 th repeated holdout test
748-dim features, using SVR
74 th repeated holdout test
748-dim features, using SVR
75 th repeated holdout test
748-dim features, using SVR
76 th repeated holdout test
748-dim features, using SVR
77 th repeated holdout test
748-dim features, using SVR
78 th repeated holdout test
748-dim features, using SVR
79 th repeated holdout test
748-dim features, using SVR
80 th repeated holdout test
748-dim features, using SVR
81 th repeated holdout test
748-dim features, using SVR
82 th repeated holdout test
748-dim features, using SVR
83 th repeated holdout test
748-dim features, using SVR
84 th repeated holdout test
748-dim features, using SVR
85 th repeated holdout test
748-dim features, using SVR
86 th repeated holdout test
748-dim features, using SVR
87 th repeated holdout test
748-dim features, using SVR
88 th repeated holdout test
748-dim features, using SVR
89 th repeated holdout test
748-dim features, using SVR
90 th repeated holdout test
748-dim features, using SVR
91 th repeated holdout test
748-dim features, using SVR
92 th repeated holdout test
748-dim features, using SVR
93 th repeated holdout test
748-dim features, using SVR
94 th repeated holdout test
748-dim features, using SVR
95 th repeated holdout test
748-dim features, using SVR
96 th repeated holdout test
748-dim features, using SVR
97 th repeated holdout test
748-dim features, using SVR
98 th repeated holdout test
748-dim features, using SVR
99 th repeated holdout test
748-dim features, using SVR
======================================================
Average training results among all repeated 80-20 holdouts:
SRCC Train: 0.8766312680460702 (std: 0.04784983520312537)
KRCC Train: 0.703316202030855 (std: 0.058929179434996946)
PLCC Train: 0.8892181093935215 (std: 0.04305336812255241)
RMSE Train: 5.639856120987555 (std: 0.9857545270181333)
======================================================
Average testing results among all repeated 80-20 holdouts:
SRCC Test: 0.6218943769505567 (std: 0.13244389820042388)
KRCC Test: 0.4613803452754763 (std: 0.1056418873124131)
PLCC Test: 0.678381629020927 (std: 0.11804238684470021)
RMSE Test: 8.895856517426724 (std: 1.2707164097506107)



Overall 51.4059898853302 secs lapsed..
Namespace(color_only=False, dataset_name='LIVE_HFR', feature_file='features/LIVE_HFR_ST_QUV_NODOG_272_GL_Db2_ev8_feats.mat', log_file='logs/LIVE_HFR_regression_bc_two.log', log_short=True, max_thread_count=4, model_name='ST_QUV_NODOG_272_GL_Db2_ev8', mos_file='features/LIVE_HFR_metadata.csv', num_cont=16, num_dists=30, num_iterations=100, out_file='result/LIVE_HFR_ST_QUV_NODOG_272_GL_Db2_ev8_SVR_corr_bc_two.mat', use_parallel=True)
1 th repeated holdout test
2 th repeated holdout test
3 th repeated holdout test
4 th repeated holdout test
748-dim features, using SVR
748-dim features, using SVR
748-dim features, using SVR748-dim features, using SVR

5 th repeated holdout test
748-dim features, using SVR
6 th repeated holdout test
748-dim features, using SVR
7 th repeated holdout test
748-dim features, using SVR
8 th repeated holdout test
748-dim features, using SVR
9 th repeated holdout test
748-dim features, using SVR
10 th repeated holdout test
748-dim features, using SVR
11 th repeated holdout test
748-dim features, using SVR
12 th repeated holdout test
748-dim features, using SVR
13 th repeated holdout test
748-dim features, using SVR
14 th repeated holdout test
748-dim features, using SVR
15 th repeated holdout test
748-dim features, using SVR
16 th repeated holdout test
748-dim features, using SVR
17 th repeated holdout test
748-dim features, using SVR
18 th repeated holdout test
748-dim features, using SVR
19 th repeated holdout test
748-dim features, using SVR
20 th repeated holdout test
748-dim features, using SVR
21 th repeated holdout test
748-dim features, using SVR
22 th repeated holdout test
748-dim features, using SVR
23 th repeated holdout test
748-dim features, using SVR
24 th repeated holdout test
748-dim features, using SVR
25 th repeated holdout test
748-dim features, using SVR
26 th repeated holdout test
748-dim features, using SVR
27 th repeated holdout test
748-dim features, using SVR
28 th repeated holdout test
748-dim features, using SVR
29 th repeated holdout test
748-dim features, using SVR
30 th repeated holdout test
748-dim features, using SVR
31 th repeated holdout test
748-dim features, using SVR
32 th repeated holdout test
748-dim features, using SVR
33 th repeated holdout test
748-dim features, using SVR
34 th repeated holdout test
748-dim features, using SVR
35 th repeated holdout test
748-dim features, using SVR
36 th repeated holdout test
748-dim features, using SVR
37 th repeated holdout test
748-dim features, using SVR
38 th repeated holdout test
748-dim features, using SVR
39 th repeated holdout test
748-dim features, using SVR
40 th repeated holdout test
748-dim features, using SVR
41 th repeated holdout test
748-dim features, using SVR
42 th repeated holdout test
748-dim features, using SVR
43 th repeated holdout test
44 th repeated holdout test
748-dim features, using SVR
748-dim features, using SVR
45 th repeated holdout test
748-dim features, using SVR
46 th repeated holdout test
748-dim features, using SVR
47 th repeated holdout test
748-dim features, using SVR
48 th repeated holdout test
748-dim features, using SVR
49 th repeated holdout test
748-dim features, using SVR
50 th repeated holdout test
748-dim features, using SVR
51 th repeated holdout test
748-dim features, using SVR
52 th repeated holdout test
748-dim features, using SVR
53 th repeated holdout test
748-dim features, using SVR
54 th repeated holdout test
748-dim features, using SVR
55 th repeated holdout test
748-dim features, using SVR
56 th repeated holdout test
748-dim features, using SVR
57 th repeated holdout test
748-dim features, using SVR
58 th repeated holdout test
748-dim features, using SVR
59 th repeated holdout test
748-dim features, using SVR
60 th repeated holdout test
748-dim features, using SVR
61 th repeated holdout test
748-dim features, using SVR
62 th repeated holdout test
748-dim features, using SVR
63 th repeated holdout test
748-dim features, using SVR
64 th repeated holdout test
748-dim features, using SVR
65 th repeated holdout test
748-dim features, using SVR
66 th repeated holdout test
748-dim features, using SVR
67 th repeated holdout test
748-dim features, using SVR
68 th repeated holdout test
748-dim features, using SVR
69 th repeated holdout test
748-dim features, using SVR
70 th repeated holdout test
748-dim features, using SVR
71 th repeated holdout test
748-dim features, using SVR
72 th repeated holdout test
748-dim features, using SVR
73 th repeated holdout test
748-dim features, using SVR
74 th repeated holdout test
748-dim features, using SVR
75 th repeated holdout test
748-dim features, using SVR
76 th repeated holdout test
748-dim features, using SVR
77 th repeated holdout test
748-dim features, using SVR
78 th repeated holdout test
748-dim features, using SVR
79 th repeated holdout test
748-dim features, using SVR
80 th repeated holdout test
748-dim features, using SVR
81 th repeated holdout test
748-dim features, using SVR
82 th repeated holdout test
748-dim features, using SVR
83 th repeated holdout test
748-dim features, using SVR
84 th repeated holdout test
748-dim features, using SVR
85 th repeated holdout test
748-dim features, using SVR
86 th repeated holdout test
748-dim features, using SVR
87 th repeated holdout test
748-dim features, using SVR
88 th repeated holdout test
748-dim features, using SVR
89 th repeated holdout test
748-dim features, using SVR
90 th repeated holdout test
748-dim features, using SVR
91 th repeated holdout test
748-dim features, using SVR
92 th repeated holdout test
748-dim features, using SVR
93 th repeated holdout test
748-dim features, using SVR
94 th repeated holdout test
748-dim features, using SVR
95 th repeated holdout test
748-dim features, using SVR
96 th repeated holdout test
748-dim features, using SVR
97 th repeated holdout test
748-dim features, using SVR
98 th repeated holdout test
748-dim features, using SVR
99 th repeated holdout test
748-dim features, using SVR
======================================================
Average training results among all repeated 80-20 holdouts:
SRCC Train: 0.8764189845209445 (std: 0.05185020957259205)
KRCC Train: 0.7047948338436771 (std: 0.0636712700777319)
PLCC Train: 0.8901859379071217 (std: 0.046846129514242)
RMSE Train: 5.593390900581661 (std: 1.056788212090668)
======================================================
Average testing results among all repeated 80-20 holdouts:
SRCC Test: 0.6134603640221618 (std: 0.1320068967705634)
KRCC Test: 0.4532642277960629 (std: 0.10734996000859154)
PLCC Test: 0.6686963676890738 (std: 0.11362372007931307)
RMSE Test: 9.02196606649385 (std: 1.2294092108756067)



Overall 55.081722021102905 secs lapsed..
Namespace(color_only=False, dataset_name='LIVE_HFR', feature_file='features/LIVE_HFR_ST_QUV_NODOG_272_GL_Db2_ev4_feats.mat', log_file='logs/LIVE_HFR_regression_bc_two.log', log_short=True, max_thread_count=4, model_name='ST_QUV_NODOG_272_GL_Db2_ev4', mos_file='features/LIVE_HFR_metadata.csv', num_cont=16, num_dists=30, num_iterations=100, out_file='result/LIVE_HFR_ST_QUV_NODOG_272_GL_Db2_ev4_SVR_corr_bc_two.mat', use_parallel=True)
1 th repeated holdout test2 th repeated holdout test
3 th repeated holdout test
4 th repeated holdout test

748-dim features, using SVR
748-dim features, using SVR
748-dim features, using SVR
748-dim features, using SVR
5 th repeated holdout test
748-dim features, using SVR
6 th repeated holdout test
748-dim features, using SVR
7 th repeated holdout test
748-dim features, using SVR
8 th repeated holdout test
748-dim features, using SVR
9 th repeated holdout test
748-dim features, using SVR
10 th repeated holdout test
748-dim features, using SVR
11 th repeated holdout test12 th repeated holdout test

748-dim features, using SVR748-dim features, using SVR

13 th repeated holdout test
748-dim features, using SVR
14 th repeated holdout test
748-dim features, using SVR
15 th repeated holdout test
748-dim features, using SVR
16 th repeated holdout test
748-dim features, using SVR
17 th repeated holdout test
748-dim features, using SVR
18 th repeated holdout test
748-dim features, using SVR
19 th repeated holdout test
748-dim features, using SVR
20 th repeated holdout test
748-dim features, using SVR
21 th repeated holdout test
748-dim features, using SVR
22 th repeated holdout test
748-dim features, using SVR
23 th repeated holdout test
748-dim features, using SVR
24 th repeated holdout test
748-dim features, using SVR
25 th repeated holdout test
748-dim features, using SVR
26 th repeated holdout test
748-dim features, using SVR
27 th repeated holdout test
748-dim features, using SVR
28 th repeated holdout test
748-dim features, using SVR
29 th repeated holdout test
748-dim features, using SVR
30 th repeated holdout test
748-dim features, using SVR
31 th repeated holdout test
748-dim features, using SVR
32 th repeated holdout test
748-dim features, using SVR
33 th repeated holdout test
748-dim features, using SVR
34 th repeated holdout test
748-dim features, using SVR
35 th repeated holdout test
748-dim features, using SVR
36 th repeated holdout test
748-dim features, using SVR
37 th repeated holdout test
748-dim features, using SVR
38 th repeated holdout test
748-dim features, using SVR
39 th repeated holdout test
748-dim features, using SVR
40 th repeated holdout test
748-dim features, using SVR
41 th repeated holdout test
748-dim features, using SVR
42 th repeated holdout test
748-dim features, using SVR
43 th repeated holdout test
748-dim features, using SVR
44 th repeated holdout test
748-dim features, using SVR
45 th repeated holdout test
748-dim features, using SVR
46 th repeated holdout test
748-dim features, using SVR
47 th repeated holdout test
748-dim features, using SVR
48 th repeated holdout test
748-dim features, using SVR
49 th repeated holdout test
748-dim features, using SVR
50 th repeated holdout test
748-dim features, using SVR
51 th repeated holdout test
748-dim features, using SVR
52 th repeated holdout test
748-dim features, using SVR
53 th repeated holdout test
748-dim features, using SVR
54 th repeated holdout test
748-dim features, using SVR
55 th repeated holdout test
748-dim features, using SVR
56 th repeated holdout test
748-dim features, using SVR
57 th repeated holdout test
748-dim features, using SVR
58 th repeated holdout test
748-dim features, using SVR
59 th repeated holdout test
748-dim features, using SVR
60 th repeated holdout test
748-dim features, using SVR
61 th repeated holdout test
748-dim features, using SVR
62 th repeated holdout test
748-dim features, using SVR
63 th repeated holdout test
748-dim features, using SVR
64 th repeated holdout test
748-dim features, using SVR
65 th repeated holdout test
748-dim features, using SVR
66 th repeated holdout test
748-dim features, using SVR
67 th repeated holdout test
748-dim features, using SVR
68 th repeated holdout test
748-dim features, using SVR
69 th repeated holdout test
748-dim features, using SVR
70 th repeated holdout test
748-dim features, using SVR
71 th repeated holdout test
748-dim features, using SVR
72 th repeated holdout test
748-dim features, using SVR
73 th repeated holdout test
748-dim features, using SVR
74 th repeated holdout test
748-dim features, using SVR
75 th repeated holdout test
748-dim features, using SVR
76 th repeated holdout test
748-dim features, using SVR
77 th repeated holdout test
748-dim features, using SVR
78 th repeated holdout test
748-dim features, using SVR
79 th repeated holdout test
748-dim features, using SVR
80 th repeated holdout test
748-dim features, using SVR
81 th repeated holdout test
748-dim features, using SVR
82 th repeated holdout test
748-dim features, using SVR
83 th repeated holdout test
748-dim features, using SVR
84 th repeated holdout test
748-dim features, using SVR
85 th repeated holdout test
748-dim features, using SVR
86 th repeated holdout test
748-dim features, using SVR
87 th repeated holdout test
748-dim features, using SVR
88 th repeated holdout test
748-dim features, using SVR
89 th repeated holdout test
748-dim features, using SVR
90 th repeated holdout test
748-dim features, using SVR
91 th repeated holdout test
748-dim features, using SVR
92 th repeated holdout test
748-dim features, using SVR
93 th repeated holdout test
748-dim features, using SVR
94 th repeated holdout test
748-dim features, using SVR
95 th repeated holdout test
748-dim features, using SVR
96 th repeated holdout test
748-dim features, using SVR
97 th repeated holdout test
748-dim features, using SVR
98 th repeated holdout test
748-dim features, using SVR
99 th repeated holdout test
748-dim features, using SVR
======================================================
Average training results among all repeated 80-20 holdouts:
SRCC Train: 0.880039697082544 (std: 0.04386646788023596)
KRCC Train: 0.7086189826549724 (std: 0.056281924662374944)
PLCC Train: 0.8929265829108365 (std: 0.039985000558598716)
RMSE Train: 5.551545278676888 (std: 0.9514939154506089)
======================================================
Average testing results among all repeated 80-20 holdouts:
SRCC Test: 0.6262410914096307 (std: 0.1309450337945768)
KRCC Test: 0.46621773288439944 (std: 0.10478749035970712)
PLCC Test: 0.6808203638428876 (std: 0.12340506989132072)
RMSE Test: 8.847031487119597 (std: 1.2504749306044927)



Overall 55.13237380981445 secs lapsed..
Namespace(color_only=False, dataset_name='LIVE_HFR', feature_file='features/LIVE_HFR_ST_QUV_NODOG_272_GL_Bior22_ev8_feats.mat', log_file='logs/LIVE_HFR_regression_bc_two.log', log_short=True, max_thread_count=4, model_name='ST_QUV_NODOG_272_GL_Bior22_ev8', mos_file='features/LIVE_HFR_metadata.csv', num_cont=16, num_dists=30, num_iterations=100, out_file='result/LIVE_HFR_ST_QUV_NODOG_272_GL_Bior22_ev8_SVR_corr_bc_two.mat', use_parallel=True)
1 th repeated holdout test
748-dim features, using SVR
2 th repeated holdout test
748-dim features, using SVR
3 th repeated holdout test
4 th repeated holdout test
748-dim features, using SVR
748-dim features, using SVR
5 th repeated holdout test
6 th repeated holdout test
7 th repeated holdout test
748-dim features, using SVR748-dim features, using SVR

748-dim features, using SVR
8 th repeated holdout test
748-dim features, using SVR
9 th repeated holdout test
748-dim features, using SVR
10 th repeated holdout test
748-dim features, using SVR
11 th repeated holdout test
748-dim features, using SVR
12 th repeated holdout test
748-dim features, using SVR
13 th repeated holdout test
748-dim features, using SVR
14 th repeated holdout test
748-dim features, using SVR
15 th repeated holdout test
748-dim features, using SVR
16 th repeated holdout test
748-dim features, using SVR
17 th repeated holdout test
748-dim features, using SVR
18 th repeated holdout test
748-dim features, using SVR
19 th repeated holdout test
748-dim features, using SVR
20 th repeated holdout test
748-dim features, using SVR
21 th repeated holdout test
748-dim features, using SVR
22 th repeated holdout test
748-dim features, using SVR
23 th repeated holdout test
748-dim features, using SVR
24 th repeated holdout test
748-dim features, using SVR
25 th repeated holdout test
748-dim features, using SVR
26 th repeated holdout test
748-dim features, using SVR
27 th repeated holdout test
748-dim features, using SVR
28 th repeated holdout test
748-dim features, using SVR
29 th repeated holdout test
748-dim features, using SVR
30 th repeated holdout test
748-dim features, using SVR
31 th repeated holdout test
748-dim features, using SVR
32 th repeated holdout test
748-dim features, using SVR
33 th repeated holdout test
748-dim features, using SVR
34 th repeated holdout test
748-dim features, using SVR
35 th repeated holdout test
748-dim features, using SVR
36 th repeated holdout test
748-dim features, using SVR
37 th repeated holdout test
748-dim features, using SVR
38 th repeated holdout test
748-dim features, using SVR
39 th repeated holdout test
748-dim features, using SVR
40 th repeated holdout test
748-dim features, using SVR
41 th repeated holdout test
748-dim features, using SVR
42 th repeated holdout test
748-dim features, using SVR
43 th repeated holdout test
748-dim features, using SVR
44 th repeated holdout test
748-dim features, using SVR
45 th repeated holdout test
748-dim features, using SVR
46 th repeated holdout test
748-dim features, using SVR
47 th repeated holdout test
748-dim features, using SVR
48 th repeated holdout test
748-dim features, using SVR
49 th repeated holdout test
748-dim features, using SVR
50 th repeated holdout test
748-dim features, using SVR
51 th repeated holdout test
748-dim features, using SVR
52 th repeated holdout test
748-dim features, using SVR
53 th repeated holdout test
748-dim features, using SVR
54 th repeated holdout test
748-dim features, using SVR
55 th repeated holdout test
748-dim features, using SVR
56 th repeated holdout test
748-dim features, using SVR
57 th repeated holdout test
748-dim features, using SVR
58 th repeated holdout test
748-dim features, using SVR
59 th repeated holdout test
748-dim features, using SVR
60 th repeated holdout test
748-dim features, using SVR
61 th repeated holdout test
748-dim features, using SVR
62 th repeated holdout test
748-dim features, using SVR
63 th repeated holdout test
748-dim features, using SVR
64 th repeated holdout test
748-dim features, using SVR
65 th repeated holdout test
748-dim features, using SVR
66 th repeated holdout test
748-dim features, using SVR
67 th repeated holdout test
748-dim features, using SVR
68 th repeated holdout test
748-dim features, using SVR
69 th repeated holdout test
748-dim features, using SVR
70 th repeated holdout test
748-dim features, using SVR
71 th repeated holdout test
748-dim features, using SVR
72 th repeated holdout test
748-dim features, using SVR
73 th repeated holdout test
748-dim features, using SVR
74 th repeated holdout test
748-dim features, using SVR
75 th repeated holdout test
748-dim features, using SVR
76 th repeated holdout test
748-dim features, using SVR
77 th repeated holdout test
748-dim features, using SVR
78 th repeated holdout test
748-dim features, using SVR
79 th repeated holdout test
748-dim features, using SVR
80 th repeated holdout test
748-dim features, using SVR
81 th repeated holdout test
748-dim features, using SVR
82 th repeated holdout test
748-dim features, using SVR
83 th repeated holdout test
748-dim features, using SVR
84 th repeated holdout test
748-dim features, using SVR
85 th repeated holdout test
748-dim features, using SVR
86 th repeated holdout test
748-dim features, using SVR
87 th repeated holdout test
748-dim features, using SVR
88 th repeated holdout test
748-dim features, using SVR
89 th repeated holdout test
748-dim features, using SVR
90 th repeated holdout test
748-dim features, using SVR
91 th repeated holdout test
748-dim features, using SVR
92 th repeated holdout test
748-dim features, using SVR
93 th repeated holdout test
748-dim features, using SVR
94 th repeated holdout test
748-dim features, using SVR
95 th repeated holdout test
748-dim features, using SVR
96 th repeated holdout test
748-dim features, using SVR
97 th repeated holdout test
748-dim features, using SVR
98 th repeated holdout test
748-dim features, using SVR
99 th repeated holdout test
748-dim features, using SVR
======================================================
Average training results among all repeated 80-20 holdouts:
SRCC Train: 0.8808728169946849 (std: 0.04963718058563767)
KRCC Train: 0.7103311807681988 (std: 0.06141400017237862)
PLCC Train: 0.8934405888383882 (std: 0.04382123854294989)
RMSE Train: 5.522913470731843 (std: 1.0294237023125343)
======================================================
Average testing results among all repeated 80-20 holdouts:
SRCC Test: 0.6136318113846204 (std: 0.1374218420691427)
KRCC Test: 0.45460094074326285 (std: 0.10890520777073691)
PLCC Test: 0.6737280979103926 (std: 0.12287683139408406)
RMSE Test: 8.937762901335867 (std: 1.2323645100916758)



Overall 169.99650263786316 secs lapsed..
Namespace(color_only=False, dataset_name='LIVE_HFR', feature_file='features/LIVE_HFR_ST_QUV_NODOG_272_GL_Bior22_ev4_feats.mat', log_file='logs/LIVE_HFR_regression_bc_two.log', log_short=True, max_thread_count=4, model_name='ST_QUV_NODOG_272_GL_Bior22_ev4', mos_file='features/LIVE_HFR_metadata.csv', num_cont=16, num_dists=30, num_iterations=100, out_file='result/LIVE_HFR_ST_QUV_NODOG_272_GL_Bior22_ev4_SVR_corr_bc_two.mat', use_parallel=True)
1 th repeated holdout test
748-dim features, using SVR
2 th repeated holdout test
748-dim features, using SVR
3 th repeated holdout test
748-dim features, using SVR
4 th repeated holdout test
748-dim features, using SVR
5 th repeated holdout test
748-dim features, using SVR
6 th repeated holdout test
748-dim features, using SVR
7 th repeated holdout test
748-dim features, using SVR
8 th repeated holdout test
748-dim features, using SVR
9 th repeated holdout test
748-dim features, using SVR
10 th repeated holdout test
748-dim features, using SVR
11 th repeated holdout test
12 th repeated holdout test
748-dim features, using SVR748-dim features, using SVR

13 th repeated holdout test
748-dim features, using SVR
14 th repeated holdout test
748-dim features, using SVR
15 th repeated holdout test
748-dim features, using SVR
16 th repeated holdout test
748-dim features, using SVR
17 th repeated holdout test
748-dim features, using SVR
18 th repeated holdout test
748-dim features, using SVR
19 th repeated holdout test
748-dim features, using SVR
20 th repeated holdout test
748-dim features, using SVR
21 th repeated holdout test
748-dim features, using SVR
22 th repeated holdout test
748-dim features, using SVR
23 th repeated holdout test
748-dim features, using SVR
24 th repeated holdout test
748-dim features, using SVR
25 th repeated holdout test
748-dim features, using SVR
26 th repeated holdout test
748-dim features, using SVR
27 th repeated holdout test
748-dim features, using SVR
28 th repeated holdout test
748-dim features, using SVR
29 th repeated holdout test
748-dim features, using SVR
30 th repeated holdout test
748-dim features, using SVR
31 th repeated holdout test
748-dim features, using SVR
32 th repeated holdout test
748-dim features, using SVR
33 th repeated holdout test
748-dim features, using SVR
34 th repeated holdout test
748-dim features, using SVR
35 th repeated holdout test
748-dim features, using SVR
36 th repeated holdout test
748-dim features, using SVR
37 th repeated holdout test
748-dim features, using SVR
38 th repeated holdout test
748-dim features, using SVR
39 th repeated holdout test
748-dim features, using SVR
40 th repeated holdout test
748-dim features, using SVR
41 th repeated holdout test
748-dim features, using SVR
42 th repeated holdout test
748-dim features, using SVR
43 th repeated holdout test
748-dim features, using SVR
44 th repeated holdout test
748-dim features, using SVR
45 th repeated holdout test
748-dim features, using SVR
46 th repeated holdout test
748-dim features, using SVR
47 th repeated holdout test
748-dim features, using SVR
48 th repeated holdout test
748-dim features, using SVR
49 th repeated holdout test
748-dim features, using SVR
50 th repeated holdout test
748-dim features, using SVR
51 th repeated holdout test
748-dim features, using SVR
52 th repeated holdout test
748-dim features, using SVR
53 th repeated holdout test
748-dim features, using SVR
54 th repeated holdout test
748-dim features, using SVR
55 th repeated holdout test
748-dim features, using SVR
56 th repeated holdout test
748-dim features, using SVR
57 th repeated holdout test
748-dim features, using SVR
58 th repeated holdout test
748-dim features, using SVR
59 th repeated holdout test
748-dim features, using SVR
60 th repeated holdout test
748-dim features, using SVR
61 th repeated holdout test
748-dim features, using SVR
62 th repeated holdout test
748-dim features, using SVR
63 th repeated holdout test
748-dim features, using SVR
64 th repeated holdout test
748-dim features, using SVR
65 th repeated holdout test
748-dim features, using SVR
66 th repeated holdout test
748-dim features, using SVR
67 th repeated holdout test
748-dim features, using SVR
68 th repeated holdout test
748-dim features, using SVR
69 th repeated holdout test
748-dim features, using SVR
70 th repeated holdout test
748-dim features, using SVR
71 th repeated holdout test
748-dim features, using SVR
72 th repeated holdout test
748-dim features, using SVR
73 th repeated holdout test
748-dim features, using SVR
74 th repeated holdout test
748-dim features, using SVR
75 th repeated holdout test
748-dim features, using SVR
76 th repeated holdout test
748-dim features, using SVR
77 th repeated holdout test
748-dim features, using SVR
78 th repeated holdout test
748-dim features, using SVR
79 th repeated holdout test
748-dim features, using SVR
80 th repeated holdout test
748-dim features, using SVR
81 th repeated holdout test
748-dim features, using SVR
82 th repeated holdout test
748-dim features, using SVR
83 th repeated holdout test
748-dim features, using SVR
84 th repeated holdout test
748-dim features, using SVR
85 th repeated holdout test
748-dim features, using SVR
86 th repeated holdout test
748-dim features, using SVR
87 th repeated holdout test
748-dim features, using SVR
88 th repeated holdout test
748-dim features, using SVR
89 th repeated holdout test
748-dim features, using SVR
90 th repeated holdout test
748-dim features, using SVR
91 th repeated holdout test
748-dim features, using SVR
92 th repeated holdout test
748-dim features, using SVR
93 th repeated holdout test
748-dim features, using SVR
94 th repeated holdout test
748-dim features, using SVR
95 th repeated holdout test
748-dim features, using SVR
96 th repeated holdout test
748-dim features, using SVR
97 th repeated holdout test
748-dim features, using SVR
98 th repeated holdout test
748-dim features, using SVR
99 th repeated holdout test
748-dim features, using SVR
======================================================
Average training results among all repeated 80-20 holdouts:
SRCC Train: 0.8669422304502088 (std: 0.05876357911263308)
KRCC Train: 0.694260913798189 (std: 0.07178255920501815)
PLCC Train: 0.8806659485770667 (std: 0.05306522516121638)
RMSE Train: 5.7942448403861055 (std: 1.2007488239432318)
======================================================
Average testing results among all repeated 80-20 holdouts:
SRCC Test: 0.6138753539089723 (std: 0.12423354416197051)
KRCC Test: 0.4569403753018897 (std: 0.09661223164863861)
PLCC Test: 0.6829161066154585 (std: 0.09520311382072426)
RMSE Test: 8.911707827400946 (std: 1.0709824103960819)



Overall 188.7633912563324 secs lapsed..
